start_graphscope.sh: line 56: 2532787 Killed                  rt_server -B ${memory_capacity} -l ${LOG_DIR}/graphscope_logs -g ${LOG_DIR}/configurations/graph.yaml -d ${DB_ROOT_DIR} -s ${thread_num} &>> ${LOG_DIR}/gs_log.log
start_graphscope.sh: line 56: 2484690 Killed                  rt_server -B ${memory_capacity} -l ${LOG_DIR}/graphscope_logs -g ${LOG_DIR}/configurations/graph.yaml -d ${DB_ROOT_DIR} -s ${thread_num} &>> ${LOG_DIR}/gs_log.log
start_graphscope.sh: line 56: 2598610 Killed                  rt_server -B ${memory_capacity} -l ${LOG_DIR}/graphscope_logs -g ${LOG_DIR}/configurations/graph.yaml -d ${DB_ROOT_DIR} -s ${thread_num} &>> ${LOG_DIR}/gs_log.log
start_graphscope.sh: line 56: 2696667 Killed                  rt_server -B ${memory_capacity} -l ${LOG_DIR}/graphscope_logs -g ${LOG_DIR}/configurations/graph.yaml -d ${DB_ROOT_DIR} -s ${thread_num} &>> ${LOG_DIR}/gs_log.log
start_graphscope.sh: line 56: 2762724 Killed                  rt_server -B ${memory_capacity} -l ${LOG_DIR}/graphscope_logs -g ${LOG_DIR}/configurations/graph.yaml -d ${DB_ROOT_DIR} -s ${thread_num} &>> ${LOG_DIR}/gs_log.log
start_graphscope.sh: line 34: 3039729 Aborted                 bulk_loader -B $[1024*1024*1024*70] -g ${LOG_DIR}/configurations/graph.yaml -l ${LOG_DIR}/configurations/bulk_load.yaml -p 30 -d ${DB_ROOT_DIR} &>> ${LOG_DIR}/gs_log.log
start_graphscope.sh: line 34: 3044480 Aborted                 bulk_loader -B $[1024*1024*1024*70] -g ${LOG_DIR}/configurations/graph.yaml -l ${LOG_DIR}/configurations/bulk_load.yaml -p 30 -d ${DB_ROOT_DIR} &>> ${LOG_DIR}/gs_log.log
start_graphscope.sh: line 34: 3054292 Aborted                 bulk_loader -B $[1024*1024*1024*70] -g ${LOG_DIR}/configurations/graph.yaml -l ${LOG_DIR}/configurations/bulk_load.yaml -p 30 -d ${DB_ROOT_DIR} &>> ${LOG_DIR}/gs_log.log
start_graphscope.sh: line 54: 3061530 Killed                  rt_server -B ${memory_capacity} -l ${LOG_DIR}/graphscope_logs -g ${LOG_DIR}/configurations/graph.yaml -d ${DB_ROOT_DIR} -s ${thread_num} &>> ${LOG_DIR}/gs_log.log
start_graphscope.sh: line 56: 2837293 Killed                  rt_server -B ${memory_capacity} -l ${LOG_DIR}/graphscope_logs -g ${LOG_DIR}/configurations/graph.yaml -d ${DB_ROOT_DIR} -s ${thread_num} &>> ${LOG_DIR}/gs_log.log
Terminated
start_graphscope.sh: line 40: 3067591 Killed                  rt_bench_thread -B ${memory_capacity} -l ${LOG_DIR}/graphscope_logs -g ${LOG_DIR}/configurations/graph.yaml -d ${DB_ROOT_DIR} -s ${thread_num} -w 0 -b 500000 -r ${QUERY_FILE} &>> ${LOG_DIR}/gs_log.log
start_graphscope.sh: line 54: 3075231 Aborted                 rt_server -B ${memory_capacity} -l ${LOG_DIR}/graphscope_logs -g ${LOG_DIR}/configurations/graph.yaml -d ${DB_ROOT_DIR} -s ${thread_num} &>> ${LOG_DIR}/gs_log.log
start_graphscope.sh: line 54: 3420466 Killed                  rt_server -B ${memory_capacity} -l ${LOG_DIR}/graphscope_logs -g ${LOG_DIR}/configurations/graph.yaml -d ${DB_ROOT_DIR} -s ${thread_num} &>> ${LOG_DIR}/gs_log.log
start_graphscope.sh: line 54: 3227099 Killed                  rt_server -B ${memory_capacity} -l ${LOG_DIR}/graphscope_logs -g ${LOG_DIR}/configurations/graph.yaml -d ${DB_ROOT_DIR} -s ${thread_num} &>> ${LOG_DIR}/gs_log.log
start_graphscope.sh: line 54: 3127644 Killed                  rt_server -B ${memory_capacity} -l ${LOG_DIR}/graphscope_logs -g ${LOG_DIR}/configurations/graph.yaml -d ${DB_ROOT_DIR} -s ${thread_num} &>> ${LOG_DIR}/gs_log.log
start_graphscope.sh: line 54: 3785926 Killed                  rt_server -B ${memory_capacity} -l ${LOG_DIR}/graphscope_logs -g ${LOG_DIR}/configurations/graph.yaml -d ${DB_ROOT_DIR} -s ${thread_num} &>> ${LOG_DIR}/gs_log.log
start_graphscope.sh: line 54: 3423182 Killed                  rt_server -B ${memory_capacity} -l ${LOG_DIR}/graphscope_logs -g ${LOG_DIR}/configurations/graph.yaml -d ${DB_ROOT_DIR} -s ${thread_num} &>> ${LOG_DIR}/gs_log.log
start_graphscope.sh: line 54: 3787158 Killed                  rt_server -B ${memory_capacity} -l ${LOG_DIR}/graphscope_logs -g ${LOG_DIR}/configurations/graph.yaml -d ${DB_ROOT_DIR} -s ${thread_num} &>> ${LOG_DIR}/gs_log.log
start_graphscope.sh: line 54: 385811 Killed                  rt_server -B ${memory_capacity} -l ${LOG_DIR}/graphscope_logs -g ${LOG_DIR}/configurations/graph.yaml -d ${DB_ROOT_DIR} -s ${thread_num} &>> ${LOG_DIR}/gs_log.log
start_graphscope.sh: line 54: 21635 Killed                  rt_server -B ${memory_capacity} -l ${LOG_DIR}/graphscope_logs -g ${LOG_DIR}/configurations/graph.yaml -d ${DB_ROOT_DIR} -s ${thread_num} &>> ${LOG_DIR}/gs_log.log
Terminated
Terminated
Terminated
Terminated
start_graphscope.sh: line 40: 2102951 Aborted                 rt_bench_thread -B ${memory_capacity} -l ${LOG_DIR}/graphscope_logs -g ${LOG_DIR}/configurations/graph.yaml -d ${DB_ROOT_DIR} -s ${thread_num} -w 0 -b 500000 -r ${QUERY_FILE} &>> ${LOG_DIR}/gs_log.log
start_graphscope.sh: line 40: 2106355 Aborted                 rt_bench_thread -B ${memory_capacity} -l ${LOG_DIR}/graphscope_logs -g ${LOG_DIR}/configurations/graph.yaml -d ${DB_ROOT_DIR} -s ${thread_num} -w 0 -b 500000 -r ${QUERY_FILE} &>> ${LOG_DIR}/gs_log.log
Terminated
Terminated
Terminated
