The system is: Linux - 5.4.0-177-generic - x86_64
Compiling the CXX compiler identification source file "CMakeCXXCompilerId.cpp" succeeded.
Compiler: /usr/bin/c++ 
Build flags: 
Id flags:  

The output was:
0


Compilation of the CXX compiler identification source "CMakeCXXCompilerId.cpp" produced "a.out"

The CXX compiler identification is GNU, found in "/workspaces/graphscope-flex/flex/build/CMakeFiles/3.16.3/CompilerIdCXX/a.out"

Determining if the CXX compiler works passed with the following output:
Change Dir: /workspaces/graphscope-flex/flex/build/CMakeFiles/CMakeTmp

Run Build Command(s):/usr/bin/make cmTC_50c8e/fast && /usr/bin/make -f CMakeFiles/cmTC_50c8e.dir/build.make CMakeFiles/cmTC_50c8e.dir/build
make[1]: Entering directory '/workspaces/graphscope-flex/flex/build/CMakeFiles/CMakeTmp'
Building CXX object CMakeFiles/cmTC_50c8e.dir/testCXXCompiler.cxx.o
/usr/bin/c++     -o CMakeFiles/cmTC_50c8e.dir/testCXXCompiler.cxx.o -c /workspaces/graphscope-flex/flex/build/CMakeFiles/CMakeTmp/testCXXCompiler.cxx
Linking CXX executable cmTC_50c8e
/usr/bin/cmake -E cmake_link_script CMakeFiles/cmTC_50c8e.dir/link.txt --verbose=1
/usr/bin/c++       CMakeFiles/cmTC_50c8e.dir/testCXXCompiler.cxx.o  -o cmTC_50c8e 
make[1]: Leaving directory '/workspaces/graphscope-flex/flex/build/CMakeFiles/CMakeTmp'



Detecting CXX compiler ABI info compiled with the following output:
Change Dir: /workspaces/graphscope-flex/flex/build/CMakeFiles/CMakeTmp

Run Build Command(s):/usr/bin/make cmTC_a85f4/fast && /usr/bin/make -f CMakeFiles/cmTC_a85f4.dir/build.make CMakeFiles/cmTC_a85f4.dir/build
make[1]: Entering directory '/workspaces/graphscope-flex/flex/build/CMakeFiles/CMakeTmp'
Building CXX object CMakeFiles/cmTC_a85f4.dir/CMakeCXXCompilerABI.cpp.o
/usr/bin/c++    -v -o CMakeFiles/cmTC_a85f4.dir/CMakeCXXCompilerABI.cpp.o -c /usr/share/cmake-3.16/Modules/CMakeCXXCompilerABI.cpp
Using built-in specs.
COLLECT_GCC=/usr/bin/c++
OFFLOAD_TARGET_NAMES=nvptx-none:hsa
OFFLOAD_TARGET_DEFAULT=1
Target: x86_64-linux-gnu
Configured with: ../src/configure -v --with-pkgversion='Ubuntu 9.4.0-1ubuntu1~20.04.1' --with-bugurl=file:///usr/share/doc/gcc-9/README.Bugs --enable-languages=c,ada,c++,go,brig,d,fortran,objc,obj-c++,gm2 --prefix=/usr --with-gcc-major-version-only --program-suffix=-9 --program-prefix=x86_64-linux-gnu- --enable-shared --enable-linker-build-id --libexecdir=/usr/lib --without-included-gettext --enable-threads=posix --libdir=/usr/lib --enable-nls --enable-clocale=gnu --enable-libstdcxx-debug --enable-libstdcxx-time=yes --with-default-libstdcxx-abi=new --enable-gnu-unique-object --disable-vtable-verify --enable-plugin --enable-default-pie --with-system-zlib --with-target-system-zlib=auto --enable-objc-gc=auto --enable-multiarch --disable-werror --with-arch-32=i686 --with-abi=m64 --with-multilib-list=m32,m64,mx32 --enable-multilib --with-tune=generic --enable-offload-targets=nvptx-none=/build/gcc-9-Av3uEd/gcc-9-9.4.0/debian/tmp-nvptx/usr,hsa --without-cuda-driver --enable-checking=release --build=x86_64-linux-gnu --host=x86_64-linux-gnu --target=x86_64-linux-gnu
Thread model: posix
gcc version 9.4.0 (Ubuntu 9.4.0-1ubuntu1~20.04.1) 
COLLECT_GCC_OPTIONS='-v' '-o' 'CMakeFiles/cmTC_a85f4.dir/CMakeCXXCompilerABI.cpp.o' '-c' '-shared-libgcc' '-mtune=generic' '-march=x86-64'
 /usr/lib/gcc/x86_64-linux-gnu/9/cc1plus -quiet -v -imultiarch x86_64-linux-gnu -D_GNU_SOURCE /usr/share/cmake-3.16/Modules/CMakeCXXCompilerABI.cpp -quiet -dumpbase CMakeCXXCompilerABI.cpp -mtune=generic -march=x86-64 -auxbase-strip CMakeFiles/cmTC_a85f4.dir/CMakeCXXCompilerABI.cpp.o -version -fasynchronous-unwind-tables -fstack-protector-strong -Wformat -Wformat-security -fstack-clash-protection -fcf-protection -o /tmp/ccNRtrjg.s
GNU C++14 (Ubuntu 9.4.0-1ubuntu1~20.04.1) version 9.4.0 (x86_64-linux-gnu)
	compiled by GNU C version 9.4.0, GMP version 6.2.0, MPFR version 4.0.2, MPC version 1.1.0, isl version isl-0.22.1-GMP

GGC heuristics: --param ggc-min-expand=100 --param ggc-min-heapsize=131072
ignoring duplicate directory "/usr/include/x86_64-linux-gnu/c++/9"
ignoring nonexistent directory "/usr/local/include/x86_64-linux-gnu"
ignoring nonexistent directory "/usr/lib/gcc/x86_64-linux-gnu/9/include-fixed"
ignoring nonexistent directory "/usr/lib/gcc/x86_64-linux-gnu/9/../../../../x86_64-linux-gnu/include"
#include "..." search starts here:
#include <...> search starts here:
 /usr/include/c++/9
 /usr/include/x86_64-linux-gnu/c++/9
 /usr/include/c++/9/backward
 /usr/lib/gcc/x86_64-linux-gnu/9/include
 /usr/local/include
 /usr/include/x86_64-linux-gnu
 /usr/include
End of search list.
GNU C++14 (Ubuntu 9.4.0-1ubuntu1~20.04.1) version 9.4.0 (x86_64-linux-gnu)
	compiled by GNU C version 9.4.0, GMP version 6.2.0, MPFR version 4.0.2, MPC version 1.1.0, isl version isl-0.22.1-GMP

GGC heuristics: --param ggc-min-expand=100 --param ggc-min-heapsize=131072
Compiler executable checksum: 65fe925b83d3956b533de4aaba7dace0
COLLECT_GCC_OPTIONS='-v' '-o' 'CMakeFiles/cmTC_a85f4.dir/CMakeCXXCompilerABI.cpp.o' '-c' '-shared-libgcc' '-mtune=generic' '-march=x86-64'
 as -v --64 -o CMakeFiles/cmTC_a85f4.dir/CMakeCXXCompilerABI.cpp.o /tmp/ccNRtrjg.s
GNU assembler version 2.34 (x86_64-linux-gnu) using BFD version (GNU Binutils for Ubuntu) 2.34
COMPILER_PATH=/usr/lib/gcc/x86_64-linux-gnu/9/:/usr/lib/gcc/x86_64-linux-gnu/9/:/usr/lib/gcc/x86_64-linux-gnu/:/usr/lib/gcc/x86_64-linux-gnu/9/:/usr/lib/gcc/x86_64-linux-gnu/
LIBRARY_PATH=/usr/lib/gcc/x86_64-linux-gnu/9/:/usr/lib/gcc/x86_64-linux-gnu/9/../../../x86_64-linux-gnu/:/usr/lib/gcc/x86_64-linux-gnu/9/../../../../lib/:/lib/x86_64-linux-gnu/:/lib/../lib/:/usr/lib/x86_64-linux-gnu/:/usr/lib/../lib/:/usr/lib/gcc/x86_64-linux-gnu/9/../../../:/lib/:/usr/lib/
COLLECT_GCC_OPTIONS='-v' '-o' 'CMakeFiles/cmTC_a85f4.dir/CMakeCXXCompilerABI.cpp.o' '-c' '-shared-libgcc' '-mtune=generic' '-march=x86-64'
Linking CXX executable cmTC_a85f4
/usr/bin/cmake -E cmake_link_script CMakeFiles/cmTC_a85f4.dir/link.txt --verbose=1
/usr/bin/c++      -v CMakeFiles/cmTC_a85f4.dir/CMakeCXXCompilerABI.cpp.o  -o cmTC_a85f4 
Using built-in specs.
COLLECT_GCC=/usr/bin/c++
COLLECT_LTO_WRAPPER=/usr/lib/gcc/x86_64-linux-gnu/9/lto-wrapper
OFFLOAD_TARGET_NAMES=nvptx-none:hsa
OFFLOAD_TARGET_DEFAULT=1
Target: x86_64-linux-gnu
Configured with: ../src/configure -v --with-pkgversion='Ubuntu 9.4.0-1ubuntu1~20.04.1' --with-bugurl=file:///usr/share/doc/gcc-9/README.Bugs --enable-languages=c,ada,c++,go,brig,d,fortran,objc,obj-c++,gm2 --prefix=/usr --with-gcc-major-version-only --program-suffix=-9 --program-prefix=x86_64-linux-gnu- --enable-shared --enable-linker-build-id --libexecdir=/usr/lib --without-included-gettext --enable-threads=posix --libdir=/usr/lib --enable-nls --enable-clocale=gnu --enable-libstdcxx-debug --enable-libstdcxx-time=yes --with-default-libstdcxx-abi=new --enable-gnu-unique-object --disable-vtable-verify --enable-plugin --enable-default-pie --with-system-zlib --with-target-system-zlib=auto --enable-objc-gc=auto --enable-multiarch --disable-werror --with-arch-32=i686 --with-abi=m64 --with-multilib-list=m32,m64,mx32 --enable-multilib --with-tune=generic --enable-offload-targets=nvptx-none=/build/gcc-9-Av3uEd/gcc-9-9.4.0/debian/tmp-nvptx/usr,hsa --without-cuda-driver --enable-checking=release --build=x86_64-linux-gnu --host=x86_64-linux-gnu --target=x86_64-linux-gnu
Thread model: posix
gcc version 9.4.0 (Ubuntu 9.4.0-1ubuntu1~20.04.1) 
COMPILER_PATH=/usr/lib/gcc/x86_64-linux-gnu/9/:/usr/lib/gcc/x86_64-linux-gnu/9/:/usr/lib/gcc/x86_64-linux-gnu/:/usr/lib/gcc/x86_64-linux-gnu/9/:/usr/lib/gcc/x86_64-linux-gnu/
LIBRARY_PATH=/usr/lib/gcc/x86_64-linux-gnu/9/:/usr/lib/gcc/x86_64-linux-gnu/9/../../../x86_64-linux-gnu/:/usr/lib/gcc/x86_64-linux-gnu/9/../../../../lib/:/lib/x86_64-linux-gnu/:/lib/../lib/:/usr/lib/x86_64-linux-gnu/:/usr/lib/../lib/:/usr/lib/gcc/x86_64-linux-gnu/9/../../../:/lib/:/usr/lib/
COLLECT_GCC_OPTIONS='-v' '-o' 'cmTC_a85f4' '-shared-libgcc' '-mtune=generic' '-march=x86-64'
 /usr/lib/gcc/x86_64-linux-gnu/9/collect2 -plugin /usr/lib/gcc/x86_64-linux-gnu/9/liblto_plugin.so -plugin-opt=/usr/lib/gcc/x86_64-linux-gnu/9/lto-wrapper -plugin-opt=-fresolution=/tmp/cccK8h2L.res -plugin-opt=-pass-through=-lgcc_s -plugin-opt=-pass-through=-lgcc -plugin-opt=-pass-through=-lc -plugin-opt=-pass-through=-lgcc_s -plugin-opt=-pass-through=-lgcc --build-id --eh-frame-hdr -m elf_x86_64 --hash-style=gnu --as-needed -dynamic-linker /lib64/ld-linux-x86-64.so.2 -pie -z now -z relro -o cmTC_a85f4 /usr/lib/gcc/x86_64-linux-gnu/9/../../../x86_64-linux-gnu/Scrt1.o /usr/lib/gcc/x86_64-linux-gnu/9/../../../x86_64-linux-gnu/crti.o /usr/lib/gcc/x86_64-linux-gnu/9/crtbeginS.o -L/usr/lib/gcc/x86_64-linux-gnu/9 -L/usr/lib/gcc/x86_64-linux-gnu/9/../../../x86_64-linux-gnu -L/usr/lib/gcc/x86_64-linux-gnu/9/../../../../lib -L/lib/x86_64-linux-gnu -L/lib/../lib -L/usr/lib/x86_64-linux-gnu -L/usr/lib/../lib -L/usr/lib/gcc/x86_64-linux-gnu/9/../../.. CMakeFiles/cmTC_a85f4.dir/CMakeCXXCompilerABI.cpp.o -lstdc++ -lm -lgcc_s -lgcc -lc -lgcc_s -lgcc /usr/lib/gcc/x86_64-linux-gnu/9/crtendS.o /usr/lib/gcc/x86_64-linux-gnu/9/../../../x86_64-linux-gnu/crtn.o
COLLECT_GCC_OPTIONS='-v' '-o' 'cmTC_a85f4' '-shared-libgcc' '-mtune=generic' '-march=x86-64'
make[1]: Leaving directory '/workspaces/graphscope-flex/flex/build/CMakeFiles/CMakeTmp'



Parsed CXX implicit include dir info from above output: rv=done
  found start of include info
  found start of implicit include info
    add: [/usr/include/c++/9]
    add: [/usr/include/x86_64-linux-gnu/c++/9]
    add: [/usr/include/c++/9/backward]
    add: [/usr/lib/gcc/x86_64-linux-gnu/9/include]
    add: [/usr/local/include]
    add: [/usr/include/x86_64-linux-gnu]
    add: [/usr/include]
  end of search list found
  collapse include dir [/usr/include/c++/9] ==> [/usr/include/c++/9]
  collapse include dir [/usr/include/x86_64-linux-gnu/c++/9] ==> [/usr/include/x86_64-linux-gnu/c++/9]
  collapse include dir [/usr/include/c++/9/backward] ==> [/usr/include/c++/9/backward]
  collapse include dir [/usr/lib/gcc/x86_64-linux-gnu/9/include] ==> [/usr/lib/gcc/x86_64-linux-gnu/9/include]
  collapse include dir [/usr/local/include] ==> [/usr/local/include]
  collapse include dir [/usr/include/x86_64-linux-gnu] ==> [/usr/include/x86_64-linux-gnu]
  collapse include dir [/usr/include] ==> [/usr/include]
  implicit include dirs: [/usr/include/c++/9;/usr/include/x86_64-linux-gnu/c++/9;/usr/include/c++/9/backward;/usr/lib/gcc/x86_64-linux-gnu/9/include;/usr/local/include;/usr/include/x86_64-linux-gnu;/usr/include]


Parsed CXX implicit link information from above output:
  link line regex: [^( *|.*[/\])(ld|CMAKE_LINK_STARTFILE-NOTFOUND|([^/\]+-)?ld|collect2)[^/\]*( |$)]
  ignore line: [Change Dir: /workspaces/graphscope-flex/flex/build/CMakeFiles/CMakeTmp]
  ignore line: []
  ignore line: [Run Build Command(s):/usr/bin/make cmTC_a85f4/fast && /usr/bin/make -f CMakeFiles/cmTC_a85f4.dir/build.make CMakeFiles/cmTC_a85f4.dir/build]
  ignore line: [make[1]: Entering directory '/workspaces/graphscope-flex/flex/build/CMakeFiles/CMakeTmp']
  ignore line: [Building CXX object CMakeFiles/cmTC_a85f4.dir/CMakeCXXCompilerABI.cpp.o]
  ignore line: [/usr/bin/c++    -v -o CMakeFiles/cmTC_a85f4.dir/CMakeCXXCompilerABI.cpp.o -c /usr/share/cmake-3.16/Modules/CMakeCXXCompilerABI.cpp]
  ignore line: [Using built-in specs.]
  ignore line: [COLLECT_GCC=/usr/bin/c++]
  ignore line: [OFFLOAD_TARGET_NAMES=nvptx-none:hsa]
  ignore line: [OFFLOAD_TARGET_DEFAULT=1]
  ignore line: [Target: x86_64-linux-gnu]
  ignore line: [Configured with: ../src/configure -v --with-pkgversion='Ubuntu 9.4.0-1ubuntu1~20.04.1' --with-bugurl=file:///usr/share/doc/gcc-9/README.Bugs --enable-languages=c ada c++ go brig d fortran objc obj-c++ gm2 --prefix=/usr --with-gcc-major-version-only --program-suffix=-9 --program-prefix=x86_64-linux-gnu- --enable-shared --enable-linker-build-id --libexecdir=/usr/lib --without-included-gettext --enable-threads=posix --libdir=/usr/lib --enable-nls --enable-clocale=gnu --enable-libstdcxx-debug --enable-libstdcxx-time=yes --with-default-libstdcxx-abi=new --enable-gnu-unique-object --disable-vtable-verify --enable-plugin --enable-default-pie --with-system-zlib --with-target-system-zlib=auto --enable-objc-gc=auto --enable-multiarch --disable-werror --with-arch-32=i686 --with-abi=m64 --with-multilib-list=m32 m64 mx32 --enable-multilib --with-tune=generic --enable-offload-targets=nvptx-none=/build/gcc-9-Av3uEd/gcc-9-9.4.0/debian/tmp-nvptx/usr hsa --without-cuda-driver --enable-checking=release --build=x86_64-linux-gnu --host=x86_64-linux-gnu --target=x86_64-linux-gnu]
  ignore line: [Thread model: posix]
  ignore line: [gcc version 9.4.0 (Ubuntu 9.4.0-1ubuntu1~20.04.1) ]
  ignore line: [COLLECT_GCC_OPTIONS='-v' '-o' 'CMakeFiles/cmTC_a85f4.dir/CMakeCXXCompilerABI.cpp.o' '-c' '-shared-libgcc' '-mtune=generic' '-march=x86-64']
  ignore line: [ /usr/lib/gcc/x86_64-linux-gnu/9/cc1plus -quiet -v -imultiarch x86_64-linux-gnu -D_GNU_SOURCE /usr/share/cmake-3.16/Modules/CMakeCXXCompilerABI.cpp -quiet -dumpbase CMakeCXXCompilerABI.cpp -mtune=generic -march=x86-64 -auxbase-strip CMakeFiles/cmTC_a85f4.dir/CMakeCXXCompilerABI.cpp.o -version -fasynchronous-unwind-tables -fstack-protector-strong -Wformat -Wformat-security -fstack-clash-protection -fcf-protection -o /tmp/ccNRtrjg.s]
  ignore line: [GNU C++14 (Ubuntu 9.4.0-1ubuntu1~20.04.1) version 9.4.0 (x86_64-linux-gnu)]
  ignore line: [	compiled by GNU C version 9.4.0  GMP version 6.2.0  MPFR version 4.0.2  MPC version 1.1.0  isl version isl-0.22.1-GMP]
  ignore line: []
  ignore line: [GGC heuristics: --param ggc-min-expand=100 --param ggc-min-heapsize=131072]
  ignore line: [ignoring duplicate directory "/usr/include/x86_64-linux-gnu/c++/9"]
  ignore line: [ignoring nonexistent directory "/usr/local/include/x86_64-linux-gnu"]
  ignore line: [ignoring nonexistent directory "/usr/lib/gcc/x86_64-linux-gnu/9/include-fixed"]
  ignore line: [ignoring nonexistent directory "/usr/lib/gcc/x86_64-linux-gnu/9/../../../../x86_64-linux-gnu/include"]
  ignore line: [#include "..." search starts here:]
  ignore line: [#include <...> search starts here:]
  ignore line: [ /usr/include/c++/9]
  ignore line: [ /usr/include/x86_64-linux-gnu/c++/9]
  ignore line: [ /usr/include/c++/9/backward]
  ignore line: [ /usr/lib/gcc/x86_64-linux-gnu/9/include]
  ignore line: [ /usr/local/include]
  ignore line: [ /usr/include/x86_64-linux-gnu]
  ignore line: [ /usr/include]
  ignore line: [End of search list.]
  ignore line: [GNU C++14 (Ubuntu 9.4.0-1ubuntu1~20.04.1) version 9.4.0 (x86_64-linux-gnu)]
  ignore line: [	compiled by GNU C version 9.4.0  GMP version 6.2.0  MPFR version 4.0.2  MPC version 1.1.0  isl version isl-0.22.1-GMP]
  ignore line: []
  ignore line: [GGC heuristics: --param ggc-min-expand=100 --param ggc-min-heapsize=131072]
  ignore line: [Compiler executable checksum: 65fe925b83d3956b533de4aaba7dace0]
  ignore line: [COLLECT_GCC_OPTIONS='-v' '-o' 'CMakeFiles/cmTC_a85f4.dir/CMakeCXXCompilerABI.cpp.o' '-c' '-shared-libgcc' '-mtune=generic' '-march=x86-64']
  ignore line: [ as -v --64 -o CMakeFiles/cmTC_a85f4.dir/CMakeCXXCompilerABI.cpp.o /tmp/ccNRtrjg.s]
  ignore line: [GNU assembler version 2.34 (x86_64-linux-gnu) using BFD version (GNU Binutils for Ubuntu) 2.34]
  ignore line: [COMPILER_PATH=/usr/lib/gcc/x86_64-linux-gnu/9/:/usr/lib/gcc/x86_64-linux-gnu/9/:/usr/lib/gcc/x86_64-linux-gnu/:/usr/lib/gcc/x86_64-linux-gnu/9/:/usr/lib/gcc/x86_64-linux-gnu/]
  ignore line: [LIBRARY_PATH=/usr/lib/gcc/x86_64-linux-gnu/9/:/usr/lib/gcc/x86_64-linux-gnu/9/../../../x86_64-linux-gnu/:/usr/lib/gcc/x86_64-linux-gnu/9/../../../../lib/:/lib/x86_64-linux-gnu/:/lib/../lib/:/usr/lib/x86_64-linux-gnu/:/usr/lib/../lib/:/usr/lib/gcc/x86_64-linux-gnu/9/../../../:/lib/:/usr/lib/]
  ignore line: [COLLECT_GCC_OPTIONS='-v' '-o' 'CMakeFiles/cmTC_a85f4.dir/CMakeCXXCompilerABI.cpp.o' '-c' '-shared-libgcc' '-mtune=generic' '-march=x86-64']
  ignore line: [Linking CXX executable cmTC_a85f4]
  ignore line: [/usr/bin/cmake -E cmake_link_script CMakeFiles/cmTC_a85f4.dir/link.txt --verbose=1]
  ignore line: [/usr/bin/c++      -v CMakeFiles/cmTC_a85f4.dir/CMakeCXXCompilerABI.cpp.o  -o cmTC_a85f4 ]
  ignore line: [Using built-in specs.]
  ignore line: [COLLECT_GCC=/usr/bin/c++]
  ignore line: [COLLECT_LTO_WRAPPER=/usr/lib/gcc/x86_64-linux-gnu/9/lto-wrapper]
  ignore line: [OFFLOAD_TARGET_NAMES=nvptx-none:hsa]
  ignore line: [OFFLOAD_TARGET_DEFAULT=1]
  ignore line: [Target: x86_64-linux-gnu]
  ignore line: [Configured with: ../src/configure -v --with-pkgversion='Ubuntu 9.4.0-1ubuntu1~20.04.1' --with-bugurl=file:///usr/share/doc/gcc-9/README.Bugs --enable-languages=c ada c++ go brig d fortran objc obj-c++ gm2 --prefix=/usr --with-gcc-major-version-only --program-suffix=-9 --program-prefix=x86_64-linux-gnu- --enable-shared --enable-linker-build-id --libexecdir=/usr/lib --without-included-gettext --enable-threads=posix --libdir=/usr/lib --enable-nls --enable-clocale=gnu --enable-libstdcxx-debug --enable-libstdcxx-time=yes --with-default-libstdcxx-abi=new --enable-gnu-unique-object --disable-vtable-verify --enable-plugin --enable-default-pie --with-system-zlib --with-target-system-zlib=auto --enable-objc-gc=auto --enable-multiarch --disable-werror --with-arch-32=i686 --with-abi=m64 --with-multilib-list=m32 m64 mx32 --enable-multilib --with-tune=generic --enable-offload-targets=nvptx-none=/build/gcc-9-Av3uEd/gcc-9-9.4.0/debian/tmp-nvptx/usr hsa --without-cuda-driver --enable-checking=release --build=x86_64-linux-gnu --host=x86_64-linux-gnu --target=x86_64-linux-gnu]
  ignore line: [Thread model: posix]
  ignore line: [gcc version 9.4.0 (Ubuntu 9.4.0-1ubuntu1~20.04.1) ]
  ignore line: [COMPILER_PATH=/usr/lib/gcc/x86_64-linux-gnu/9/:/usr/lib/gcc/x86_64-linux-gnu/9/:/usr/lib/gcc/x86_64-linux-gnu/:/usr/lib/gcc/x86_64-linux-gnu/9/:/usr/lib/gcc/x86_64-linux-gnu/]
  ignore line: [LIBRARY_PATH=/usr/lib/gcc/x86_64-linux-gnu/9/:/usr/lib/gcc/x86_64-linux-gnu/9/../../../x86_64-linux-gnu/:/usr/lib/gcc/x86_64-linux-gnu/9/../../../../lib/:/lib/x86_64-linux-gnu/:/lib/../lib/:/usr/lib/x86_64-linux-gnu/:/usr/lib/../lib/:/usr/lib/gcc/x86_64-linux-gnu/9/../../../:/lib/:/usr/lib/]
  ignore line: [COLLECT_GCC_OPTIONS='-v' '-o' 'cmTC_a85f4' '-shared-libgcc' '-mtune=generic' '-march=x86-64']
  link line: [ /usr/lib/gcc/x86_64-linux-gnu/9/collect2 -plugin /usr/lib/gcc/x86_64-linux-gnu/9/liblto_plugin.so -plugin-opt=/usr/lib/gcc/x86_64-linux-gnu/9/lto-wrapper -plugin-opt=-fresolution=/tmp/cccK8h2L.res -plugin-opt=-pass-through=-lgcc_s -plugin-opt=-pass-through=-lgcc -plugin-opt=-pass-through=-lc -plugin-opt=-pass-through=-lgcc_s -plugin-opt=-pass-through=-lgcc --build-id --eh-frame-hdr -m elf_x86_64 --hash-style=gnu --as-needed -dynamic-linker /lib64/ld-linux-x86-64.so.2 -pie -z now -z relro -o cmTC_a85f4 /usr/lib/gcc/x86_64-linux-gnu/9/../../../x86_64-linux-gnu/Scrt1.o /usr/lib/gcc/x86_64-linux-gnu/9/../../../x86_64-linux-gnu/crti.o /usr/lib/gcc/x86_64-linux-gnu/9/crtbeginS.o -L/usr/lib/gcc/x86_64-linux-gnu/9 -L/usr/lib/gcc/x86_64-linux-gnu/9/../../../x86_64-linux-gnu -L/usr/lib/gcc/x86_64-linux-gnu/9/../../../../lib -L/lib/x86_64-linux-gnu -L/lib/../lib -L/usr/lib/x86_64-linux-gnu -L/usr/lib/../lib -L/usr/lib/gcc/x86_64-linux-gnu/9/../../.. CMakeFiles/cmTC_a85f4.dir/CMakeCXXCompilerABI.cpp.o -lstdc++ -lm -lgcc_s -lgcc -lc -lgcc_s -lgcc /usr/lib/gcc/x86_64-linux-gnu/9/crtendS.o /usr/lib/gcc/x86_64-linux-gnu/9/../../../x86_64-linux-gnu/crtn.o]
    arg [/usr/lib/gcc/x86_64-linux-gnu/9/collect2] ==> ignore
    arg [-plugin] ==> ignore
    arg [/usr/lib/gcc/x86_64-linux-gnu/9/liblto_plugin.so] ==> ignore
    arg [-plugin-opt=/usr/lib/gcc/x86_64-linux-gnu/9/lto-wrapper] ==> ignore
    arg [-plugin-opt=-fresolution=/tmp/cccK8h2L.res] ==> ignore
    arg [-plugin-opt=-pass-through=-lgcc_s] ==> ignore
    arg [-plugin-opt=-pass-through=-lgcc] ==> ignore
    arg [-plugin-opt=-pass-through=-lc] ==> ignore
    arg [-plugin-opt=-pass-through=-lgcc_s] ==> ignore
    arg [-plugin-opt=-pass-through=-lgcc] ==> ignore
    arg [--build-id] ==> ignore
    arg [--eh-frame-hdr] ==> ignore
    arg [-m] ==> ignore
    arg [elf_x86_64] ==> ignore
    arg [--hash-style=gnu] ==> ignore
    arg [--as-needed] ==> ignore
    arg [-dynamic-linker] ==> ignore
    arg [/lib64/ld-linux-x86-64.so.2] ==> ignore
    arg [-pie] ==> ignore
    arg [-znow] ==> ignore
    arg [-zrelro] ==> ignore
    arg [-o] ==> ignore
    arg [cmTC_a85f4] ==> ignore
    arg [/usr/lib/gcc/x86_64-linux-gnu/9/../../../x86_64-linux-gnu/Scrt1.o] ==> ignore
    arg [/usr/lib/gcc/x86_64-linux-gnu/9/../../../x86_64-linux-gnu/crti.o] ==> ignore
    arg [/usr/lib/gcc/x86_64-linux-gnu/9/crtbeginS.o] ==> ignore
    arg [-L/usr/lib/gcc/x86_64-linux-gnu/9] ==> dir [/usr/lib/gcc/x86_64-linux-gnu/9]
    arg [-L/usr/lib/gcc/x86_64-linux-gnu/9/../../../x86_64-linux-gnu] ==> dir [/usr/lib/gcc/x86_64-linux-gnu/9/../../../x86_64-linux-gnu]
    arg [-L/usr/lib/gcc/x86_64-linux-gnu/9/../../../../lib] ==> dir [/usr/lib/gcc/x86_64-linux-gnu/9/../../../../lib]
    arg [-L/lib/x86_64-linux-gnu] ==> dir [/lib/x86_64-linux-gnu]
    arg [-L/lib/../lib] ==> dir [/lib/../lib]
    arg [-L/usr/lib/x86_64-linux-gnu] ==> dir [/usr/lib/x86_64-linux-gnu]
    arg [-L/usr/lib/../lib] ==> dir [/usr/lib/../lib]
    arg [-L/usr/lib/gcc/x86_64-linux-gnu/9/../../..] ==> dir [/usr/lib/gcc/x86_64-linux-gnu/9/../../..]
    arg [CMakeFiles/cmTC_a85f4.dir/CMakeCXXCompilerABI.cpp.o] ==> ignore
    arg [-lstdc++] ==> lib [stdc++]
    arg [-lm] ==> lib [m]
    arg [-lgcc_s] ==> lib [gcc_s]
    arg [-lgcc] ==> lib [gcc]
    arg [-lc] ==> lib [c]
    arg [-lgcc_s] ==> lib [gcc_s]
    arg [-lgcc] ==> lib [gcc]
    arg [/usr/lib/gcc/x86_64-linux-gnu/9/crtendS.o] ==> ignore
    arg [/usr/lib/gcc/x86_64-linux-gnu/9/../../../x86_64-linux-gnu/crtn.o] ==> ignore
  collapse library dir [/usr/lib/gcc/x86_64-linux-gnu/9] ==> [/usr/lib/gcc/x86_64-linux-gnu/9]
  collapse library dir [/usr/lib/gcc/x86_64-linux-gnu/9/../../../x86_64-linux-gnu] ==> [/usr/lib/x86_64-linux-gnu]
  collapse library dir [/usr/lib/gcc/x86_64-linux-gnu/9/../../../../lib] ==> [/usr/lib]
  collapse library dir [/lib/x86_64-linux-gnu] ==> [/lib/x86_64-linux-gnu]
  collapse library dir [/lib/../lib] ==> [/lib]
  collapse library dir [/usr/lib/x86_64-linux-gnu] ==> [/usr/lib/x86_64-linux-gnu]
  collapse library dir [/usr/lib/../lib] ==> [/usr/lib]
  collapse library dir [/usr/lib/gcc/x86_64-linux-gnu/9/../../..] ==> [/usr/lib]
  implicit libs: [stdc++;m;gcc_s;gcc;c;gcc_s;gcc]
  implicit dirs: [/usr/lib/gcc/x86_64-linux-gnu/9;/usr/lib/x86_64-linux-gnu;/usr/lib;/lib/x86_64-linux-gnu;/lib]
  implicit fwks: []


Determining if the include file pthread.h exists passed with the following output:
Change Dir: /workspaces/graphscope-flex/flex/build/CMakeFiles/CMakeTmp

Run Build Command(s):/usr/bin/make cmTC_42c79/fast && /usr/bin/make -f CMakeFiles/cmTC_42c79.dir/build.make CMakeFiles/cmTC_42c79.dir/build
make[1]: Entering directory '/workspaces/graphscope-flex/flex/build/CMakeFiles/CMakeTmp'
Building CXX object CMakeFiles/cmTC_42c79.dir/CheckIncludeFile.cxx.o
/usr/bin/c++    -std=c++17 -fPIC -rdynamic -fopenmp -Werror -Wl,-rpath,RIGIN    -o CMakeFiles/cmTC_42c79.dir/CheckIncludeFile.cxx.o -c /workspaces/graphscope-flex/flex/build/CMakeFiles/CMakeTmp/CheckIncludeFile.cxx
Linking CXX executable cmTC_42c79
/usr/bin/cmake -E cmake_link_script CMakeFiles/cmTC_42c79.dir/link.txt --verbose=1
/usr/bin/c++   -std=c++17 -fPIC -rdynamic -fopenmp -Werror -Wl,-rpath,$ORIGIN     CMakeFiles/cmTC_42c79.dir/CheckIncludeFile.cxx.o  -o cmTC_42c79 
make[1]: Leaving directory '/workspaces/graphscope-flex/flex/build/CMakeFiles/CMakeTmp'



Performing C++ SOURCE FILE Test CMAKE_HAVE_LIBC_PTHREAD succeeded with the following output:
Change Dir: /workspaces/graphscope-flex/flex/build/CMakeFiles/CMakeTmp

Run Build Command(s):/usr/bin/make cmTC_38837/fast && /usr/bin/make -f CMakeFiles/cmTC_38837.dir/build.make CMakeFiles/cmTC_38837.dir/build
make[1]: Entering directory '/workspaces/graphscope-flex/flex/build/CMakeFiles/CMakeTmp'
Building CXX object CMakeFiles/cmTC_38837.dir/src.cxx.o
/usr/bin/c++    -std=c++17 -fPIC -rdynamic -fopenmp -Werror -Wl,-rpath,RIGIN -DCMAKE_HAVE_LIBC_PTHREAD   -o CMakeFiles/cmTC_38837.dir/src.cxx.o -c /workspaces/graphscope-flex/flex/build/CMakeFiles/CMakeTmp/src.cxx
Linking CXX executable cmTC_38837
/usr/bin/cmake -E cmake_link_script CMakeFiles/cmTC_38837.dir/link.txt --verbose=1
/usr/bin/c++   -std=c++17 -fPIC -rdynamic -fopenmp -Werror -Wl,-rpath,$ORIGIN -DCMAKE_HAVE_LIBC_PTHREAD    CMakeFiles/cmTC_38837.dir/src.cxx.o  -o cmTC_38837 
make[1]: Leaving directory '/workspaces/graphscope-flex/flex/build/CMakeFiles/CMakeTmp'


Source file was:
#include <pthread.h>

void* test_func(void* data)
{
  return data;
}

int main(void)
{
  pthread_t thread;
  pthread_create(&thread, NULL, test_func, NULL);
  pthread_detach(thread);
  pthread_join(thread, NULL);
  pthread_atfork(NULL, NULL, NULL);
  pthread_exit(NULL);

  return 0;
}

Determining if the BZ2_bzCompressInit exist passed with the following output:
Change Dir: /workspaces/graphscope-flex/flex/build/CMakeFiles/CMakeTmp

Run Build Command(s):/usr/bin/make cmTC_1bae3/fast && /usr/bin/make -f CMakeFiles/cmTC_1bae3.dir/build.make CMakeFiles/cmTC_1bae3.dir/build
make[1]: Entering directory '/workspaces/graphscope-flex/flex/build/CMakeFiles/CMakeTmp'
Building CXX object CMakeFiles/cmTC_1bae3.dir/CheckSymbolExists.cxx.o
/usr/bin/c++    -std=c++17 -fPIC -rdynamic -fopenmp -Werror -Wl,-rpath,RIGIN    -o CMakeFiles/cmTC_1bae3.dir/CheckSymbolExists.cxx.o -c /workspaces/graphscope-flex/flex/build/CMakeFiles/CMakeTmp/CheckSymbolExists.cxx
Linking CXX executable cmTC_1bae3
/usr/bin/cmake -E cmake_link_script CMakeFiles/cmTC_1bae3.dir/link.txt --verbose=1
/usr/bin/c++   -std=c++17 -fPIC -rdynamic -fopenmp -Werror -Wl,-rpath,$ORIGIN     CMakeFiles/cmTC_1bae3.dir/CheckSymbolExists.cxx.o  -o cmTC_1bae3  /usr/lib/x86_64-linux-gnu/libbz2.so 
make[1]: Leaving directory '/workspaces/graphscope-flex/flex/build/CMakeFiles/CMakeTmp'


File /workspaces/graphscope-flex/flex/build/CMakeFiles/CMakeTmp/CheckSymbolExists.cxx:
/* */
#include <bzlib.h>

int main(int argc, char** argv)
{
  (void)argv;
#ifndef BZ2_bzCompressInit
  return ((int*)(&BZ2_bzCompressInit))[argc];
#else
  (void)argc;
  return 0;
#endif
}
Determining if the LZ4_compress_default exist passed with the following output:
Change Dir: /workspaces/graphscope-flex/flex/build/CMakeFiles/CMakeTmp

Run Build Command(s):/usr/bin/make cmTC_67e16/fast && /usr/bin/make -f CMakeFiles/cmTC_67e16.dir/build.make CMakeFiles/cmTC_67e16.dir/build
make[1]: Entering directory '/workspaces/graphscope-flex/flex/build/CMakeFiles/CMakeTmp'
Building CXX object CMakeFiles/cmTC_67e16.dir/CheckSymbolExists.cxx.o
/usr/bin/c++    -std=c++17 -fPIC -rdynamic -fopenmp -Werror -Wl,-rpath,RIGIN    -o CMakeFiles/cmTC_67e16.dir/CheckSymbolExists.cxx.o -c /workspaces/graphscope-flex/flex/build/CMakeFiles/CMakeTmp/CheckSymbolExists.cxx
Linking CXX executable cmTC_67e16
/usr/bin/cmake -E cmake_link_script CMakeFiles/cmTC_67e16.dir/link.txt --verbose=1
/usr/bin/c++   -std=c++17 -fPIC -rdynamic -fopenmp -Werror -Wl,-rpath,$ORIGIN     CMakeFiles/cmTC_67e16.dir/CheckSymbolExists.cxx.o  -o cmTC_67e16  /usr/lib/x86_64-linux-gnu/liblz4.so 
make[1]: Leaving directory '/workspaces/graphscope-flex/flex/build/CMakeFiles/CMakeTmp'


File /workspaces/graphscope-flex/flex/build/CMakeFiles/CMakeTmp/CheckSymbolExists.cxx:
/* */
#include </usr/include/lz4.h>

int main(int argc, char** argv)
{
  (void)argv;
#ifndef LZ4_compress_default
  return ((int*)(&LZ4_compress_default))[argc];
#else
  (void)argc;
  return 0;
#endif
}
Performing C++ SOURCE FILE Test Concepts_FOUND succeeded with the following output:
Change Dir: /workspaces/graphscope-flex/flex/build/CMakeFiles/CMakeTmp

Run Build Command(s):/usr/bin/make cmTC_87886/fast && /usr/bin/make -f CMakeFiles/cmTC_87886.dir/build.make CMakeFiles/cmTC_87886.dir/build
make[1]: Entering directory '/workspaces/graphscope-flex/flex/build/CMakeFiles/CMakeTmp'
Building CXX object CMakeFiles/cmTC_87886.dir/src.cxx.o
/usr/bin/c++    -std=c++17 -fPIC -rdynamic -fopenmp -Werror -Wl,-rpath,RIGIN -DConcepts_FOUND -fconcepts   -o CMakeFiles/cmTC_87886.dir/src.cxx.o -c /workspaces/graphscope-flex/flex/build/CMakeFiles/CMakeTmp/src.cxx
Linking CXX executable cmTC_87886
/usr/bin/cmake -E cmake_link_script CMakeFiles/cmTC_87886.dir/link.txt --verbose=1
/usr/bin/c++   -std=c++17 -fPIC -rdynamic -fopenmp -Werror -Wl,-rpath,$ORIGIN -DConcepts_FOUND -fconcepts    CMakeFiles/cmTC_87886.dir/src.cxx.o  -o cmTC_87886  /usr/lib/x86_64-linux-gnu/liblz4.so 
make[1]: Leaving directory '/workspaces/graphscope-flex/flex/build/CMakeFiles/CMakeTmp'


Source file was:
#if __cpp_concepts == 201507
int main() { return 0; }
#endif

Performing C++ SOURCE FILE Test LinuxMembarrier_FOUND succeeded with the following output:
Change Dir: /workspaces/graphscope-flex/flex/build/CMakeFiles/CMakeTmp

Run Build Command(s):/usr/bin/make cmTC_da512/fast && /usr/bin/make -f CMakeFiles/cmTC_da512.dir/build.make CMakeFiles/cmTC_da512.dir/build
make[1]: Entering directory '/workspaces/graphscope-flex/flex/build/CMakeFiles/CMakeTmp'
Building CXX object CMakeFiles/cmTC_da512.dir/src.cxx.o
/usr/bin/c++    -std=c++17 -fPIC -rdynamic -fopenmp -Werror -Wl,-rpath,RIGIN -DLinuxMembarrier_FOUND -fconcepts   -o CMakeFiles/cmTC_da512.dir/src.cxx.o -c /workspaces/graphscope-flex/flex/build/CMakeFiles/CMakeTmp/src.cxx
Linking CXX executable cmTC_da512
/usr/bin/cmake -E cmake_link_script CMakeFiles/cmTC_da512.dir/link.txt --verbose=1
/usr/bin/c++   -std=c++17 -fPIC -rdynamic -fopenmp -Werror -Wl,-rpath,$ORIGIN -DLinuxMembarrier_FOUND -fconcepts    CMakeFiles/cmTC_da512.dir/src.cxx.o  -o cmTC_da512  /usr/lib/x86_64-linux-gnu/liblz4.so 
make[1]: Leaving directory '/workspaces/graphscope-flex/flex/build/CMakeFiles/CMakeTmp'


Source file was:
extern "C" {
#include <linux/membarrier.h>
}

int main() {
    int x = MEMBARRIER_CMD_PRIVATE_EXPEDITED | MEMBARRIER_CMD_REGISTER_PRIVATE_EXPEDITED;
    (void)x;
}

Performing C++ SOURCE FILE Test Sanitizers_ADDRESS_FOUND succeeded with the following output:
Change Dir: /workspaces/graphscope-flex/flex/build/CMakeFiles/CMakeTmp

Run Build Command(s):/usr/bin/make cmTC_fc6fa/fast && /usr/bin/make -f CMakeFiles/cmTC_fc6fa.dir/build.make CMakeFiles/cmTC_fc6fa.dir/build
make[1]: Entering directory '/workspaces/graphscope-flex/flex/build/CMakeFiles/CMakeTmp'
Building CXX object CMakeFiles/cmTC_fc6fa.dir/src.cxx.o
/usr/bin/c++    -std=c++17 -fPIC -rdynamic -fopenmp -Werror -Wl,-rpath,RIGIN -DSanitizers_ADDRESS_FOUND -fsanitize=address   -o CMakeFiles/cmTC_fc6fa.dir/src.cxx.o -c /workspaces/graphscope-flex/flex/build/CMakeFiles/CMakeTmp/src.cxx
Linking CXX executable cmTC_fc6fa
/usr/bin/cmake -E cmake_link_script CMakeFiles/cmTC_fc6fa.dir/link.txt --verbose=1
/usr/bin/c++   -std=c++17 -fPIC -rdynamic -fopenmp -Werror -Wl,-rpath,$ORIGIN -DSanitizers_ADDRESS_FOUND -fsanitize=address    CMakeFiles/cmTC_fc6fa.dir/src.cxx.o  -o cmTC_fc6fa  /usr/lib/x86_64-linux-gnu/liblz4.so 
make[1]: Leaving directory '/workspaces/graphscope-flex/flex/build/CMakeFiles/CMakeTmp'


Source file was:
int main() {}
Performing C++ SOURCE FILE Test Sanitizers_UNDEFINED_BEHAVIOR_FOUND succeeded with the following output:
Change Dir: /workspaces/graphscope-flex/flex/build/CMakeFiles/CMakeTmp

Run Build Command(s):/usr/bin/make cmTC_fc757/fast && /usr/bin/make -f CMakeFiles/cmTC_fc757.dir/build.make CMakeFiles/cmTC_fc757.dir/build
make[1]: Entering directory '/workspaces/graphscope-flex/flex/build/CMakeFiles/CMakeTmp'
Building CXX object CMakeFiles/cmTC_fc757.dir/src.cxx.o
/usr/bin/c++    -std=c++17 -fPIC -rdynamic -fopenmp -Werror -Wl,-rpath,RIGIN -DSanitizers_UNDEFINED_BEHAVIOR_FOUND -fsanitize=undefined   -o CMakeFiles/cmTC_fc757.dir/src.cxx.o -c /workspaces/graphscope-flex/flex/build/CMakeFiles/CMakeTmp/src.cxx
Linking CXX executable cmTC_fc757
/usr/bin/cmake -E cmake_link_script CMakeFiles/cmTC_fc757.dir/link.txt --verbose=1
/usr/bin/c++   -std=c++17 -fPIC -rdynamic -fopenmp -Werror -Wl,-rpath,$ORIGIN -DSanitizers_UNDEFINED_BEHAVIOR_FOUND -fsanitize=undefined    CMakeFiles/cmTC_fc757.dir/src.cxx.o  -o cmTC_fc757  /usr/lib/x86_64-linux-gnu/liblz4.so 
make[1]: Leaving directory '/workspaces/graphscope-flex/flex/build/CMakeFiles/CMakeTmp'


Source file was:
int main() {}
Performing C++ SOURCE FILE Test Sanitizers_FIBER_SUPPORT succeeded with the following output:
Change Dir: /workspaces/graphscope-flex/flex/build/CMakeFiles/CMakeTmp

Run Build Command(s):/usr/bin/make cmTC_c5aa0/fast && /usr/bin/make -f CMakeFiles/cmTC_c5aa0.dir/build.make CMakeFiles/cmTC_c5aa0.dir/build
make[1]: Entering directory '/workspaces/graphscope-flex/flex/build/CMakeFiles/CMakeTmp'
Building CXX object CMakeFiles/cmTC_c5aa0.dir/src.cxx.o
/usr/bin/c++    -std=c++17 -fPIC -rdynamic -fopenmp -Werror -Wl,-rpath,RIGIN -DSanitizers_FIBER_SUPPORT -fsanitize=address   -o CMakeFiles/cmTC_c5aa0.dir/src.cxx.o -c /workspaces/graphscope-flex/flex/build/CMakeFiles/CMakeTmp/src.cxx
Linking CXX executable cmTC_c5aa0
/usr/bin/cmake -E cmake_link_script CMakeFiles/cmTC_c5aa0.dir/link.txt --verbose=1
/usr/bin/c++   -std=c++17 -fPIC -rdynamic -fopenmp -Werror -Wl,-rpath,$ORIGIN -DSanitizers_FIBER_SUPPORT -fsanitize=address    CMakeFiles/cmTC_c5aa0.dir/src.cxx.o  -o cmTC_c5aa0  /usr/lib/x86_64-linux-gnu/liblz4.so 
make[1]: Leaving directory '/workspaces/graphscope-flex/flex/build/CMakeFiles/CMakeTmp'


Source file was:
#include <cstddef>

extern "C" {
    void __sanitizer_start_switch_fiber(void**, const void*, size_t);
    void __sanitizer_finish_switch_fiber(void*, const void**, size_t*);
}

int main() {
    __sanitizer_start_switch_fiber(nullptr, nullptr, 0);
    __sanitizer_finish_switch_fiber(nullptr, nullptr, nullptr);
}

Performing C++ SOURCE FILE Test StdAtomic_EXPLICIT_LINK succeeded with the following output:
Change Dir: /workspaces/graphscope-flex/flex/build/CMakeFiles/CMakeTmp

Run Build Command(s):/usr/bin/make cmTC_e1678/fast && /usr/bin/make -f CMakeFiles/cmTC_e1678.dir/build.make CMakeFiles/cmTC_e1678.dir/build
make[1]: Entering directory '/workspaces/graphscope-flex/flex/build/CMakeFiles/CMakeTmp'
Building CXX object CMakeFiles/cmTC_e1678.dir/src.cxx.o
/usr/bin/c++    -std=c++17 -fPIC -rdynamic -fopenmp -Werror -Wl,-rpath,RIGIN -DStdAtomic_EXPLICIT_LINK -fsanitize=address   -o CMakeFiles/cmTC_e1678.dir/src.cxx.o -c /workspaces/graphscope-flex/flex/build/CMakeFiles/CMakeTmp/src.cxx
Linking CXX executable cmTC_e1678
/usr/bin/cmake -E cmake_link_script CMakeFiles/cmTC_e1678.dir/link.txt --verbose=1
/usr/bin/c++   -std=c++17 -fPIC -rdynamic -fopenmp -Werror -Wl,-rpath,$ORIGIN -DStdAtomic_EXPLICIT_LINK -fsanitize=address    CMakeFiles/cmTC_e1678.dir/src.cxx.o  -o cmTC_e1678  -latomic 
make[1]: Leaving directory '/workspaces/graphscope-flex/flex/build/CMakeFiles/CMakeTmp'


Source file was:
int main() {}
